<?xml version="1.0" encoding="UTF-8"?>
<testsuite xmlns:xsi="http://www.w3.org/2001/XMLSchema-instance" xsi:noNamespaceSchemaLocation="https://maven.apache.org/surefire/maven-surefire-plugin/xsd/surefire-test-report.xsd" name="com.example.TDTP.AddNewBuildingTest" time="161.3" tests="5" errors="0" skipped="0" failures="2">
  <properties>
[...]
</properties>
  <testcase name="test_ADD_new_building_WHEN_valid_inputs_safeDistance_lower_bound" classname="com.example.TDTP.AddNewBuildingTest" time="24.287"/>
  <testcase name="test_ADD_new_building_WHEN_valid_inputs_name_accepted" classname="com.example.TDTP.AddNewBuildingTest" time="39.749">
    <failure type="java.lang.AssertionError">java.lang.AssertionError
	at com.example.TDTP.AddNewBuildingTest.test_ADD_new_building_WHEN_valid_inputs_name_accepted(AddNewBuildingTest.java:174)
</failure>
    <system-err><![CDATA[Starting ChromeDriver 100.0.4896.60 (6a5d10861ce8de5fce22564658033b43cb7de047-refs/branch-heads/4896@{#875}) on port 15554
Only local connections are allowed.
Please see https://chromedriver.chromium.org/security-considerations for suggestions on keeping ChromeDriver safe.
ChromeDriver was started successfully.
[1651603559.064][WARNING]: This version of ChromeDriver has not been tested with Chrome version 101.
May 03, 2022 9:45:59 PM org.openqa.selenium.remote.ProtocolHandshake createSession
INFO: Detected dialect: W3C
]]></system-err>
  </testcase>
  <testcase name="test_DOES_NOT_ADD_WHEN_invalid_safeDistance_zero" classname="com.example.TDTP.AddNewBuildingTest" time="65.243">
    <failure type="java.lang.AssertionError">java.lang.AssertionError
	at com.example.TDTP.AddNewBuildingTest.test_DOES_NOT_ADD_WHEN_invalid_safeDistance_zero(AddNewBuildingTest.java:66)
</failure>
    <system-err><![CDATA[Starting ChromeDriver 100.0.4896.60 (6a5d10861ce8de5fce22564658033b43cb7de047-refs/branch-heads/4896@{#875}) on port 28059
Only local connections are allowed.
Please see https://chromedriver.chromium.org/security-considerations for suggestions on keeping ChromeDriver safe.
ChromeDriver was started successfully.
[1651603598.878][WARNING]: This version of ChromeDriver has not been tested with Chrome version 101.
May 03, 2022 9:46:38 PM org.openqa.selenium.remote.ProtocolHandshake createSession
INFO: Detected dialect: W3C
]]></system-err>
  </testcase>
  <testcase name="test_DOES_NOT_ADD_WHEN_invalid_name_zero" classname="com.example.TDTP.AddNewBuildingTest" time="13.151"/>
  <testcase name="test_ADD_new_building_WHEN_valid_inputs_safeDistance_in_interval" classname="com.example.TDTP.AddNewBuildingTest" time="18.782"/>
</testsuite>